0 info it worked if it ends with ok
1 verbose cli [ '/usr/bin/node', '/usr/bin/npm', 'run', 'serverstart' ]
2 info using npm@3.5.2
3 info using node@v8.10.0
4 verbose run-script [ 'preserverstart', 'serverstart', 'postserverstart' ]
5 info lifecycle express-locallibrary-tutorial@0.0.0~preserverstart: express-locallibrary-tutorial@0.0.0
6 silly lifecycle express-locallibrary-tutorial@0.0.0~preserverstart: no script for preserverstart, continuing
7 info lifecycle express-locallibrary-tutorial@0.0.0~serverstart: express-locallibrary-tutorial@0.0.0
8 verbose lifecycle express-locallibrary-tutorial@0.0.0~serverstart: unsafe-perm in lifecycle true
9 verbose lifecycle express-locallibrary-tutorial@0.0.0~serverstart: PATH: /usr/share/npm/bin/node-gyp-bin:/home/bright-augura/vscode/express-locallibrary-tutorial/node_modules/.bin:/usr/local/sbin:/usr/local/bin:/usr/sbin:/usr/bin:/sbin:/bin:/usr/games:/usr/local/games:/snap/bin
10 verbose lifecycle express-locallibrary-tutorial@0.0.0~serverstart: CWD: /home/bright-augura/vscode/express-locallibrary-tutorial
11 silly lifecycle express-locallibrary-tutorial@0.0.0~serverstart: Args: [ '-c',
11 silly lifecycle   'DEBUG=express-locallibrary-tutorial:*npm run devstart' ]
12 info lifecycle express-locallibrary-tutorial@0.0.0~serverstart: Failed to exec serverstart script
13 verbose stack Error: express-locallibrary-tutorial@0.0.0 serverstart: `DEBUG=express-locallibrary-tutorial:*npm run devstart`
13 verbose stack spawn ENOENT
13 verbose stack     at ChildProcess.<anonymous> (/usr/share/npm/lib/utils/spawn.js:17:16)
13 verbose stack     at emitTwo (events.js:126:13)
13 verbose stack     at ChildProcess.emit (events.js:214:7)
13 verbose stack     at maybeClose (internal/child_process.js:925:16)
13 verbose stack     at Process.ChildProcess._handle.onexit (internal/child_process.js:209:5)
14 verbose pkgid express-locallibrary-tutorial@0.0.0
15 verbose cwd /home/bright-augura/vscode/express-locallibrary-tutorial
16 error Linux 5.0.0-37-generic
17 error argv "/usr/bin/node" "/usr/bin/npm" "run" "serverstart"
18 error node v8.10.0
19 error npm  v3.5.2
20 error file sh
21 error code ELIFECYCLE
22 error errno ENOENT
23 error syscall spawn
24 error express-locallibrary-tutorial@0.0.0 serverstart: `DEBUG=express-locallibrary-tutorial:*npm run devstart`
24 error spawn ENOENT
25 error Failed at the express-locallibrary-tutorial@0.0.0 serverstart script 'DEBUG=express-locallibrary-tutorial:*npm run devstart'.
25 error Make sure you have the latest version of node.js and npm installed.
25 error If you do, this is most likely a problem with the express-locallibrary-tutorial package,
25 error not with npm itself.
25 error Tell the author that this fails on your system:
25 error     DEBUG=express-locallibrary-tutorial:*npm run devstart
25 error You can get information on how to open an issue for this project with:
25 error     npm bugs express-locallibrary-tutorial
25 error Or if that isn't available, you can get their info via:
25 error     npm owner ls express-locallibrary-tutorial
25 error There is likely additional logging output above.
26 verbose exit [ 1, true ]
